Analysis & Synthesis report for byteAdder
Tue Feb 25 22:48:35 2020
Quartus Prime Version 18.1.0 Build 625 09/12/2018 SJ Lite Edition


---------------------
; Table of Contents ;
---------------------
  1. Legal Notice
  2. Analysis & Synthesis Summary
  3. Analysis & Synthesis Settings
  4. Parallel Compilation
  5. Analysis & Synthesis Source Files Read
  6. Analysis & Synthesis Resource Usage Summary
  7. Analysis & Synthesis Resource Utilization by Entity
  8. General Register Statistics
  9. Parameter Settings for Inferred Entity Instance: opModulo:inst19|lpm_divide:Mod0
 10. Post-Synthesis Netlist Statistics for Top Partition
 11. Elapsed Time Per Partition
 12. Analysis & Synthesis Messages



----------------
; Legal Notice ;
----------------
Copyright (C) 2018  Intel Corporation. All rights reserved.
Your use of Intel Corporation's design tools, logic functions 
and other software and tools, and its AMPP partner logic 
functions, and any output files from any of the foregoing 
(including device programming or simulation files), and any 
associated documentation or information are expressly subject 
to the terms and conditions of the Intel Program License 
Subscription Agreement, the Intel Quartus Prime License Agreement,
the Intel FPGA IP License Agreement, or other applicable license
agreement, including, without limitation, that your use is for
the sole purpose of programming logic devices manufactured by
Intel and sold by Intel or its authorized distributors.  Please
refer to the applicable agreement for further details.



+----------------------------------------------------------------------------------+
; Analysis & Synthesis Summary                                                     ;
+------------------------------------+---------------------------------------------+
; Analysis & Synthesis Status        ; Successful - Tue Feb 25 22:48:35 2020       ;
; Quartus Prime Version              ; 18.1.0 Build 625 09/12/2018 SJ Lite Edition ;
; Revision Name                      ; byteAdder                                   ;
; Top-level Entity Name              ; byteAdder                                   ;
; Family                             ; MAX 10                                      ;
; Total logic elements               ; 298                                         ;
;     Total combinational functions  ; 298                                         ;
;     Dedicated logic registers      ; 0                                           ;
; Total registers                    ; 0                                           ;
; Total pins                         ; 17                                          ;
; Total virtual pins                 ; 0                                           ;
; Total memory bits                  ; 0                                           ;
; Embedded Multiplier 9-bit elements ; 0                                           ;
; Total PLLs                         ; 0                                           ;
; UFM blocks                         ; 0                                           ;
; ADC blocks                         ; 0                                           ;
+------------------------------------+---------------------------------------------+


+------------------------------------------------------------------------------------------------------------+
; Analysis & Synthesis Settings                                                                              ;
+------------------------------------------------------------------+--------------------+--------------------+
; Option                                                           ; Setting            ; Default Value      ;
+------------------------------------------------------------------+--------------------+--------------------+
; Device                                                           ; 10M50DAF484C7G     ;                    ;
; Top-level entity name                                            ; byteAdder          ; byteAdder          ;
; Family name                                                      ; MAX 10             ; Cyclone V          ;
; Use smart compilation                                            ; Off                ; Off                ;
; Enable parallel Assembler and Timing Analyzer during compilation ; On                 ; On                 ;
; Enable compact report table                                      ; Off                ; Off                ;
; Restructure Multiplexers                                         ; Auto               ; Auto               ;
; Create Debugging Nodes for IP Cores                              ; Off                ; Off                ;
; Preserve fewer node names                                        ; On                 ; On                 ;
; Intel FPGA IP Evaluation Mode                                    ; Enable             ; Enable             ;
; Verilog Version                                                  ; Verilog_2001       ; Verilog_2001       ;
; VHDL Version                                                     ; VHDL_1993          ; VHDL_1993          ;
; State Machine Processing                                         ; Auto               ; Auto               ;
; Safe State Machine                                               ; Off                ; Off                ;
; Extract Verilog State Machines                                   ; On                 ; On                 ;
; Extract VHDL State Machines                                      ; On                 ; On                 ;
; Ignore Verilog initial constructs                                ; Off                ; Off                ;
; Iteration limit for constant Verilog loops                       ; 5000               ; 5000               ;
; Iteration limit for non-constant Verilog loops                   ; 250                ; 250                ;
; Add Pass-Through Logic to Inferred RAMs                          ; On                 ; On                 ;
; Infer RAMs from Raw Logic                                        ; On                 ; On                 ;
; Parallel Synthesis                                               ; On                 ; On                 ;
; DSP Block Balancing                                              ; Auto               ; Auto               ;
; NOT Gate Push-Back                                               ; On                 ; On                 ;
; Power-Up Don't Care                                              ; On                 ; On                 ;
; Remove Redundant Logic Cells                                     ; Off                ; Off                ;
; Remove Duplicate Registers                                       ; On                 ; On                 ;
; Ignore CARRY Buffers                                             ; Off                ; Off                ;
; Ignore CASCADE Buffers                                           ; Off                ; Off                ;
; Ignore GLOBAL Buffers                                            ; Off                ; Off                ;
; Ignore ROW GLOBAL Buffers                                        ; Off                ; Off                ;
; Ignore LCELL Buffers                                             ; Off                ; Off                ;
; Ignore SOFT Buffers                                              ; On                 ; On                 ;
; Limit AHDL Integers to 32 Bits                                   ; Off                ; Off                ;
; Optimization Technique                                           ; Balanced           ; Balanced           ;
; Carry Chain Length                                               ; 70                 ; 70                 ;
; Auto Carry Chains                                                ; On                 ; On                 ;
; Auto Open-Drain Pins                                             ; On                 ; On                 ;
; Perform WYSIWYG Primitive Resynthesis                            ; Off                ; Off                ;
; Auto ROM Replacement                                             ; On                 ; On                 ;
; Auto RAM Replacement                                             ; On                 ; On                 ;
; Auto DSP Block Replacement                                       ; On                 ; On                 ;
; Auto Shift Register Replacement                                  ; Auto               ; Auto               ;
; Allow Shift Register Merging across Hierarchies                  ; Auto               ; Auto               ;
; Auto Clock Enable Replacement                                    ; On                 ; On                 ;
; Strict RAM Replacement                                           ; Off                ; Off                ;
; Allow Synchronous Control Signals                                ; On                 ; On                 ;
; Force Use of Synchronous Clear Signals                           ; Off                ; Off                ;
; Auto RAM Block Balancing                                         ; On                 ; On                 ;
; Auto RAM to Logic Cell Conversion                                ; Off                ; Off                ;
; Auto Resource Sharing                                            ; Off                ; Off                ;
; Allow Any RAM Size For Recognition                               ; Off                ; Off                ;
; Allow Any ROM Size For Recognition                               ; Off                ; Off                ;
; Allow Any Shift Register Size For Recognition                    ; Off                ; Off                ;
; Use LogicLock Constraints during Resource Balancing              ; On                 ; On                 ;
; Ignore translate_off and synthesis_off directives                ; Off                ; Off                ;
; Timing-Driven Synthesis                                          ; On                 ; On                 ;
; Report Parameter Settings                                        ; On                 ; On                 ;
; Report Source Assignments                                        ; On                 ; On                 ;
; Report Connectivity Checks                                       ; On                 ; On                 ;
; Ignore Maximum Fan-Out Assignments                               ; Off                ; Off                ;
; Synchronization Register Chain Length                            ; 2                  ; 2                  ;
; Power Optimization During Synthesis                              ; Normal compilation ; Normal compilation ;
; HDL message level                                                ; Level2             ; Level2             ;
; Suppress Register Optimization Related Messages                  ; Off                ; Off                ;
; Number of Removed Registers Reported in Synthesis Report         ; 5000               ; 5000               ;
; Number of Swept Nodes Reported in Synthesis Report               ; 5000               ; 5000               ;
; Number of Inverted Registers Reported in Synthesis Report        ; 100                ; 100                ;
; Clock MUX Protection                                             ; On                 ; On                 ;
; Auto Gated Clock Conversion                                      ; Off                ; Off                ;
; Block Design Naming                                              ; Auto               ; Auto               ;
; SDC constraint protection                                        ; Off                ; Off                ;
; Synthesis Effort                                                 ; Auto               ; Auto               ;
; Shift Register Replacement - Allow Asynchronous Clear Signal     ; On                 ; On                 ;
; Pre-Mapping Resynthesis Optimization                             ; Off                ; Off                ;
; Analysis & Synthesis Message Level                               ; Medium             ; Medium             ;
; Disable Register Merging Across Hierarchies                      ; Auto               ; Auto               ;
; Resource Aware Inference For Block RAM                           ; On                 ; On                 ;
+------------------------------------------------------------------+--------------------+--------------------+


+------------------------------------------+
; Parallel Compilation                     ;
+----------------------------+-------------+
; Processors                 ; Number      ;
+----------------------------+-------------+
; Number detected on machine ; 4           ;
; Maximum allowed            ; 2           ;
;                            ;             ;
; Average used               ; 1.00        ;
; Maximum used               ; 1           ;
;                            ;             ;
; Usage by Processor         ; % Time Used ;
;     Processor 1            ; 100.0%      ;
+----------------------------+-------------+


+--------------------------------------------------------------------------------------------------------------------------------------------------------------------------------+
; Analysis & Synthesis Source Files Read                                                                                                                                         ;
+----------------------------------+-----------------+------------------------------------+----------------------------------------------------------------------------+---------+
; File Name with User-Entered Path ; Used in Netlist ; File Type                          ; File Name with Absolute Path                                               ; Library ;
+----------------------------------+-----------------+------------------------------------+----------------------------------------------------------------------------+---------+
; bitAdder.bdf                     ; yes             ; User Block Diagram/Schematic File  ; C:/intelFPGA_lite/criptografia/tarea5/byteAdder/bitAdder.bdf               ;         ;
; nibbleAdder.bdf                  ; yes             ; User Block Diagram/Schematic File  ; C:/intelFPGA_lite/criptografia/tarea5/byteAdder/nibbleAdder.bdf            ;         ;
; byteAdder.bdf                    ; yes             ; User Block Diagram/Schematic File  ; C:/intelFPGA_lite/criptografia/tarea5/byteAdder/byteAdder.bdf              ;         ;
; opModulo.vhd                     ; yes             ; User VHDL File                     ; C:/intelFPGA_lite/criptografia/tarea5/byteAdder/opModulo.vhd               ;         ;
; lpm_divide.tdf                   ; yes             ; Megafunction                       ; c:/intelfpga_lite/18.1/quartus/libraries/megafunctions/lpm_divide.tdf      ;         ;
; abs_divider.inc                  ; yes             ; Megafunction                       ; c:/intelfpga_lite/18.1/quartus/libraries/megafunctions/abs_divider.inc     ;         ;
; sign_div_unsign.inc              ; yes             ; Megafunction                       ; c:/intelfpga_lite/18.1/quartus/libraries/megafunctions/sign_div_unsign.inc ;         ;
; aglobal181.inc                   ; yes             ; Megafunction                       ; c:/intelfpga_lite/18.1/quartus/libraries/megafunctions/aglobal181.inc      ;         ;
; db/lpm_divide_25o.tdf            ; yes             ; Auto-Generated Megafunction        ; C:/intelFPGA_lite/criptografia/tarea5/byteAdder/db/lpm_divide_25o.tdf      ;         ;
; db/abs_divider_4dg.tdf           ; yes             ; Auto-Generated Megafunction        ; C:/intelFPGA_lite/criptografia/tarea5/byteAdder/db/abs_divider_4dg.tdf     ;         ;
; db/alt_u_div_ske.tdf             ; yes             ; Auto-Generated Megafunction        ; C:/intelFPGA_lite/criptografia/tarea5/byteAdder/db/alt_u_div_ske.tdf       ;         ;
; db/add_sub_t3c.tdf               ; yes             ; Auto-Generated Megafunction        ; C:/intelFPGA_lite/criptografia/tarea5/byteAdder/db/add_sub_t3c.tdf         ;         ;
; db/add_sub_u3c.tdf               ; yes             ; Auto-Generated Megafunction        ; C:/intelFPGA_lite/criptografia/tarea5/byteAdder/db/add_sub_u3c.tdf         ;         ;
; db/lpm_abs_8b9.tdf               ; yes             ; Auto-Generated Megafunction        ; C:/intelFPGA_lite/criptografia/tarea5/byteAdder/db/lpm_abs_8b9.tdf         ;         ;
+----------------------------------+-----------------+------------------------------------+----------------------------------------------------------------------------+---------+


+--------------------------------------------------------------------------------------------------------------------------------------------------------------------+
; Analysis & Synthesis Resource Usage Summary                                                                                                                        ;
+---------------------------------------------+----------------------------------------------------------------------------------------------------------------------+
; Resource                                    ; Usage                                                                                                                ;
+---------------------------------------------+----------------------------------------------------------------------------------------------------------------------+
; Estimated Total logic elements              ; 298                                                                                                                  ;
;                                             ;                                                                                                                      ;
; Total combinational functions               ; 298                                                                                                                  ;
; Logic element usage by number of LUT inputs ;                                                                                                                      ;
;     -- 4 input functions                    ; 47                                                                                                                   ;
;     -- 3 input functions                    ; 100                                                                                                                  ;
;     -- <=2 input functions                  ; 151                                                                                                                  ;
;                                             ;                                                                                                                      ;
; Logic elements by mode                      ;                                                                                                                      ;
;     -- normal mode                          ; 176                                                                                                                  ;
;     -- arithmetic mode                      ; 122                                                                                                                  ;
;                                             ;                                                                                                                      ;
; Total registers                             ; 0                                                                                                                    ;
;     -- Dedicated logic registers            ; 0                                                                                                                    ;
;     -- I/O registers                        ; 0                                                                                                                    ;
;                                             ;                                                                                                                      ;
; I/O pins                                    ; 17                                                                                                                   ;
;                                             ;                                                                                                                      ;
; Embedded Multiplier 9-bit elements          ; 0                                                                                                                    ;
;                                             ;                                                                                                                      ;
; Maximum fan-out node                        ; opModulo:inst19|lpm_divide:Mod0|lpm_divide_25o:auto_generated|abs_divider_4dg:divider|alt_u_div_ske:divider|op_21~60 ;
; Maximum fan-out                             ; 90                                                                                                                   ;
; Total fan-out                               ; 784                                                                                                                  ;
; Average fan-out                             ; 2.36                                                                                                                 ;
+---------------------------------------------+----------------------------------------------------------------------------------------------------------------------+


+---------------------------------------------------------------------------------------------------------------------------------------------------------------------------------------------------------------------------------------------------------------------------------------------------------------------------------------------------------+
; Analysis & Synthesis Resource Utilization by Entity                                                                                                                                                                                                                                                                                                     ;
+------------------------------------------+---------------------+---------------------------+-------------+------------+--------------+---------+-----------+------+--------------+------------+------------------------------------------------------------------------------------------------------------------------+-----------------+--------------+
; Compilation Hierarchy Node               ; Combinational ALUTs ; Dedicated Logic Registers ; Memory Bits ; UFM Blocks ; DSP Elements ; DSP 9x9 ; DSP 18x18 ; Pins ; Virtual Pins ; ADC blocks ; Full Hierarchy Name                                                                                                    ; Entity Name     ; Library Name ;
+------------------------------------------+---------------------+---------------------------+-------------+------------+--------------+---------+-----------+------+--------------+------------+------------------------------------------------------------------------------------------------------------------------+-----------------+--------------+
; |byteAdder                               ; 298 (0)             ; 0 (0)                     ; 0           ; 0          ; 0            ; 0       ; 0         ; 17   ; 0            ; 0          ; |byteAdder                                                                                                             ; byteAdder       ; work         ;
;    |nibbleAdder:inst1|                   ; 2 (0)               ; 0 (0)                     ; 0           ; 0          ; 0            ; 0       ; 0         ; 0    ; 0            ; 0          ; |byteAdder|nibbleAdder:inst1                                                                                           ; nibbleAdder     ; work         ;
;       |bitAdder:inst1|                   ; 1 (1)               ; 0 (0)                     ; 0           ; 0          ; 0            ; 0       ; 0         ; 0    ; 0            ; 0          ; |byteAdder|nibbleAdder:inst1|bitAdder:inst1                                                                            ; bitAdder        ; work         ;
;       |bitAdder:inst2|                   ; 1 (1)               ; 0 (0)                     ; 0           ; 0          ; 0            ; 0       ; 0         ; 0    ; 0            ; 0          ; |byteAdder|nibbleAdder:inst1|bitAdder:inst2                                                                            ; bitAdder        ; work         ;
;    |nibbleAdder:inst|                    ; 6 (0)               ; 0 (0)                     ; 0           ; 0          ; 0            ; 0       ; 0         ; 0    ; 0            ; 0          ; |byteAdder|nibbleAdder:inst                                                                                            ; nibbleAdder     ; work         ;
;       |bitAdder:inst1|                   ; 1 (1)               ; 0 (0)                     ; 0           ; 0          ; 0            ; 0       ; 0         ; 0    ; 0            ; 0          ; |byteAdder|nibbleAdder:inst|bitAdder:inst1                                                                             ; bitAdder        ; work         ;
;       |bitAdder:inst2|                   ; 2 (2)               ; 0 (0)                     ; 0           ; 0          ; 0            ; 0       ; 0         ; 0    ; 0            ; 0          ; |byteAdder|nibbleAdder:inst|bitAdder:inst2                                                                             ; bitAdder        ; work         ;
;       |bitAdder:inst3|                   ; 1 (1)               ; 0 (0)                     ; 0           ; 0          ; 0            ; 0       ; 0         ; 0    ; 0            ; 0          ; |byteAdder|nibbleAdder:inst|bitAdder:inst3                                                                             ; bitAdder        ; work         ;
;       |bitAdder:inst|                    ; 2 (2)               ; 0 (0)                     ; 0           ; 0          ; 0            ; 0       ; 0         ; 0    ; 0            ; 0          ; |byteAdder|nibbleAdder:inst|bitAdder:inst                                                                              ; bitAdder        ; work         ;
;    |opModulo:inst19|                     ; 290 (0)             ; 0 (0)                     ; 0           ; 0          ; 0            ; 0       ; 0         ; 0    ; 0            ; 0          ; |byteAdder|opModulo:inst19                                                                                             ; opModulo        ; work         ;
;       |lpm_divide:Mod0|                  ; 290 (0)             ; 0 (0)                     ; 0           ; 0          ; 0            ; 0       ; 0         ; 0    ; 0            ; 0          ; |byteAdder|opModulo:inst19|lpm_divide:Mod0                                                                             ; lpm_divide      ; work         ;
;          |lpm_divide_25o:auto_generated| ; 290 (0)             ; 0 (0)                     ; 0           ; 0          ; 0            ; 0       ; 0         ; 0    ; 0            ; 0          ; |byteAdder|opModulo:inst19|lpm_divide:Mod0|lpm_divide_25o:auto_generated                                               ; lpm_divide_25o  ; work         ;
;             |abs_divider_4dg:divider|    ; 290 (0)             ; 0 (0)                     ; 0           ; 0          ; 0            ; 0       ; 0         ; 0    ; 0            ; 0          ; |byteAdder|opModulo:inst19|lpm_divide:Mod0|lpm_divide_25o:auto_generated|abs_divider_4dg:divider                       ; abs_divider_4dg ; work         ;
;                |alt_u_div_ske:divider|   ; 290 (290)           ; 0 (0)                     ; 0           ; 0          ; 0            ; 0       ; 0         ; 0    ; 0            ; 0          ; |byteAdder|opModulo:inst19|lpm_divide:Mod0|lpm_divide_25o:auto_generated|abs_divider_4dg:divider|alt_u_div_ske:divider ; alt_u_div_ske   ; work         ;
+------------------------------------------+---------------------+---------------------------+-------------+------------+--------------+---------+-----------+------+--------------+------------+------------------------------------------------------------------------------------------------------------------------+-----------------+--------------+
Note: For table entries with two numbers listed, the numbers in parentheses indicate the number of resources of the given type used by the specific entity alone. The numbers listed outside of parentheses indicate the total resources of the given type used by the specific entity and all of its sub-entities in the hierarchy.


+------------------------------------------------------+
; General Register Statistics                          ;
+----------------------------------------------+-------+
; Statistic                                    ; Value ;
+----------------------------------------------+-------+
; Total registers                              ; 0     ;
; Number of registers using Synchronous Clear  ; 0     ;
; Number of registers using Synchronous Load   ; 0     ;
; Number of registers using Asynchronous Clear ; 0     ;
; Number of registers using Asynchronous Load  ; 0     ;
; Number of registers using Clock Enable       ; 0     ;
; Number of registers using Preset             ; 0     ;
+----------------------------------------------+-------+


+----------------------------------------------------------------------------------+
; Parameter Settings for Inferred Entity Instance: opModulo:inst19|lpm_divide:Mod0 ;
+------------------------+----------------+----------------------------------------+
; Parameter Name         ; Value          ; Type                                   ;
+------------------------+----------------+----------------------------------------+
; LPM_WIDTHN             ; 32             ; Untyped                                ;
; LPM_WIDTHD             ; 32             ; Untyped                                ;
; LPM_NREPRESENTATION    ; SIGNED         ; Untyped                                ;
; LPM_DREPRESENTATION    ; SIGNED         ; Untyped                                ;
; LPM_PIPELINE           ; 0              ; Untyped                                ;
; LPM_REMAINDERPOSITIVE  ; FALSE          ; Untyped                                ;
; MAXIMIZE_SPEED         ; 5              ; Untyped                                ;
; CBXI_PARAMETER         ; lpm_divide_25o ; Untyped                                ;
; CARRY_CHAIN            ; MANUAL         ; Untyped                                ;
; OPTIMIZE_FOR_SPEED     ; 5              ; Untyped                                ;
; AUTO_CARRY_CHAINS      ; ON             ; AUTO_CARRY                             ;
; IGNORE_CARRY_BUFFERS   ; OFF            ; IGNORE_CARRY                           ;
; AUTO_CASCADE_CHAINS    ; ON             ; AUTO_CASCADE                           ;
; IGNORE_CASCADE_BUFFERS ; OFF            ; IGNORE_CASCADE                         ;
+------------------------+----------------+----------------------------------------+
Note: In order to hide this table in the UI and the text report file, please set the "Show Parameter Settings in Synthesis Report" option in "Analysis and Synthesis Settings -> More Settings" to "Off".


+-----------------------------------------------------+
; Post-Synthesis Netlist Statistics for Top Partition ;
+-----------------------+-----------------------------+
; Type                  ; Count                       ;
+-----------------------+-----------------------------+
; boundary_port         ; 17                          ;
; cycloneiii_lcell_comb ; 298                         ;
;     arith             ; 122                         ;
;         1 data inputs ; 24                          ;
;         2 data inputs ; 29                          ;
;         3 data inputs ; 69                          ;
;     normal            ; 176                         ;
;         0 data inputs ; 4                           ;
;         2 data inputs ; 94                          ;
;         3 data inputs ; 31                          ;
;         4 data inputs ; 47                          ;
;                       ;                             ;
; Max LUT depth         ; 22.60                       ;
; Average LUT depth     ; 21.09                       ;
+-----------------------+-----------------------------+


+-------------------------------+
; Elapsed Time Per Partition    ;
+----------------+--------------+
; Partition Name ; Elapsed Time ;
+----------------+--------------+
; Top            ; 00:00:07     ;
+----------------+--------------+


+-------------------------------+
; Analysis & Synthesis Messages ;
+-------------------------------+
Info: *******************************************************************
Info: Running Quartus Prime Analysis & Synthesis
    Info: Version 18.1.0 Build 625 09/12/2018 SJ Lite Edition
    Info: Processing started: Tue Feb 25 22:47:53 2020
Info: Command: quartus_map --read_settings_files=on --write_settings_files=off byteAdder -c byteAdder
Warning (18236): Number of processors has not been specified which may cause overloading on shared machines.  Set the global assignment NUM_PARALLEL_PROCESSORS in your QSF to an appropriate value for best performance.
Info (20030): Parallel compilation is enabled and will use 2 of the 2 processors detected
Info (12021): Found 1 design units, including 1 entities, in source file bitadder.bdf
    Info (12023): Found entity 1: bitAdder
Info (12021): Found 1 design units, including 1 entities, in source file nibbleadder.bdf
    Info (12023): Found entity 1: nibbleAdder
Info (12021): Found 1 design units, including 1 entities, in source file byteadder.bdf
    Info (12023): Found entity 1: byteAdder
Info (12021): Found 2 design units, including 1 entities, in source file opmodulo.vhd
    Info (12022): Found design unit 1: opModulo-Behavioral File: C:/intelFPGA_lite/criptografia/tarea5/byteAdder/opModulo.vhd Line: 17
    Info (12023): Found entity 1: opModulo File: C:/intelFPGA_lite/criptografia/tarea5/byteAdder/opModulo.vhd Line: 5
Info (12127): Elaborating entity "byteAdder" for the top level hierarchy
Info (12128): Elaborating entity "nibbleAdder" for hierarchy "nibbleAdder:inst"
Warning (275011): Block or symbol "bitAdder" of instance "inst2" overlaps another block or symbol
Info (12128): Elaborating entity "bitAdder" for hierarchy "nibbleAdder:inst|bitAdder:inst"
Info (12128): Elaborating entity "opModulo" for hierarchy "opModulo:inst19"
Warning (10540): VHDL Signal Declaration warning at opModulo.vhd(19): used explicit default value for signal "totalInput" because signal was never assigned a value File: C:/intelFPGA_lite/criptografia/tarea5/byteAdder/opModulo.vhd Line: 19
Warning (10492): VHDL Process Statement warning at opModulo.vhd(26): signal "totalInput" is read inside the Process Statement but isn't in the Process Statement's sensitivity list File: C:/intelFPGA_lite/criptografia/tarea5/byteAdder/opModulo.vhd Line: 26
Warning (10492): VHDL Process Statement warning at opModulo.vhd(27): signal "input" is read inside the Process Statement but isn't in the Process Statement's sensitivity list File: C:/intelFPGA_lite/criptografia/tarea5/byteAdder/opModulo.vhd Line: 27
Warning (10492): VHDL Process Statement warning at opModulo.vhd(28): signal "modResult" is read inside the Process Statement but isn't in the Process Statement's sensitivity list File: C:/intelFPGA_lite/criptografia/tarea5/byteAdder/opModulo.vhd Line: 28
Info (278001): Inferred 1 megafunctions from design logic
    Info (278004): Inferred divider/modulo megafunction ("lpm_divide") from the following logic: "opModulo:inst19|Mod0" File: C:/intelFPGA_lite/criptografia/tarea5/byteAdder/opModulo.vhd Line: 27
Info (12130): Elaborated megafunction instantiation "opModulo:inst19|lpm_divide:Mod0" File: C:/intelFPGA_lite/criptografia/tarea5/byteAdder/opModulo.vhd Line: 27
Info (12133): Instantiated megafunction "opModulo:inst19|lpm_divide:Mod0" with the following parameter: File: C:/intelFPGA_lite/criptografia/tarea5/byteAdder/opModulo.vhd Line: 27
    Info (12134): Parameter "LPM_WIDTHN" = "32"
    Info (12134): Parameter "LPM_WIDTHD" = "32"
    Info (12134): Parameter "LPM_NREPRESENTATION" = "SIGNED"
    Info (12134): Parameter "LPM_DREPRESENTATION" = "SIGNED"
    Info (12134): Parameter "LPM_HINT" = "LPM_REMAINDERPOSITIVE=FALSE"
Info (12021): Found 1 design units, including 1 entities, in source file db/lpm_divide_25o.tdf
    Info (12023): Found entity 1: lpm_divide_25o File: C:/intelFPGA_lite/criptografia/tarea5/byteAdder/db/lpm_divide_25o.tdf Line: 24
Info (12021): Found 1 design units, including 1 entities, in source file db/abs_divider_4dg.tdf
    Info (12023): Found entity 1: abs_divider_4dg File: C:/intelFPGA_lite/criptografia/tarea5/byteAdder/db/abs_divider_4dg.tdf Line: 26
Info (12021): Found 1 design units, including 1 entities, in source file db/alt_u_div_ske.tdf
    Info (12023): Found entity 1: alt_u_div_ske File: C:/intelFPGA_lite/criptografia/tarea5/byteAdder/db/alt_u_div_ske.tdf Line: 26
Info (12021): Found 1 design units, including 1 entities, in source file db/add_sub_t3c.tdf
    Info (12023): Found entity 1: add_sub_t3c File: C:/intelFPGA_lite/criptografia/tarea5/byteAdder/db/add_sub_t3c.tdf Line: 22
Info (12021): Found 1 design units, including 1 entities, in source file db/add_sub_u3c.tdf
    Info (12023): Found entity 1: add_sub_u3c File: C:/intelFPGA_lite/criptografia/tarea5/byteAdder/db/add_sub_u3c.tdf Line: 22
Info (12021): Found 1 design units, including 1 entities, in source file db/lpm_abs_8b9.tdf
    Info (12023): Found entity 1: lpm_abs_8b9 File: C:/intelFPGA_lite/criptografia/tarea5/byteAdder/db/lpm_abs_8b9.tdf Line: 24
Info (286030): Timing-Driven Synthesis is running
Info (16010): Generating hard_block partition "hard_block:auto_generated_inst"
    Info (16011): Adding 0 node(s), including 0 DDIO, 0 PLL, 0 transceiver and 0 LCELL
Info (21057): Implemented 315 device resources after synthesis - the final resource count might be different
    Info (21058): Implemented 8 input pins
    Info (21059): Implemented 9 output pins
    Info (21061): Implemented 298 logic cells
Info: Quartus Prime Analysis & Synthesis was successful. 0 errors, 6 warnings
    Info: Peak virtual memory: 4841 megabytes
    Info: Processing ended: Tue Feb 25 22:48:36 2020
    Info: Elapsed time: 00:00:43
    Info: Total CPU time (on all processors): 00:01:08


